<?xml version="1.0" encoding="UTF-8"?>
<testng-results ignored="0" total="2" passed="2" failed="0" skipped="0">
  <reporter-output>
  </reporter-output>
  <suite started-at="2022-06-26T12:41:16 IST" name="Default suite" finished-at="2022-06-26T12:41:16 IST" duration-ms="32">
    <groups>
    </groups>
    <test started-at="2022-06-26T12:41:16 IST" name="Default test" finished-at="2022-06-26T12:41:16 IST" duration-ms="32">
      <class name="testng.testngtutorial">
        <test-method signature="demo()[pri:0, instance:testng.testngtutorial@2e1d27ba]" started-at="2022-06-26T12:41:16 IST" name="demo" finished-at="2022-06-26T12:41:16 IST" duration-ms="5" status="PASS">
          <reporter-output>
          </reporter-output>
        </test-method> <!-- demo -->
        <test-method signature="intro()[pri:0, instance:testng.testngtutorial@2e1d27ba]" started-at="2022-06-26T12:41:16 IST" name="intro" finished-at="2022-06-26T12:41:16 IST" duration-ms="1" status="PASS">
          <reporter-output>
          </reporter-output>
        </test-method> <!-- intro -->
      </class> <!-- testng.testngtutorial -->
    </test> <!-- Default test -->
  </suite> <!-- Default suite -->
</testng-results>
